          1개 파일이 복사되었습니다.
  DBreset.cpp
  SqliteDBreset.cpp
  WebDBreset.cpp
  main.cpp
d:\_newproject\dbreset\dbreset\sqlitedbreset.cpp(135): warning C4715: 'TheiaSqliteDB::DbClose': 모든 제어 경로에서 값을 반환하지는 않습니다.
  moc_DBreset.cpp
  moc_SqliteDBreset.cpp
  moc_WebDBreset.cpp
Database.lib(DBSQLite.obj) : warning LNK4099: 'Database.pdb' PDB를 'Database.lib(DBSQLite.obj)' 또는 'D:\_NewProject\DBreset\x64\Debug\Database.pdb'에서 찾을 수 없습니다. 디버그 정보가 없는 것처럼 개체를 링크합니다.
Database.lib(sqlite3.obj) : warning LNK4099: 'Database.pdb' PDB를 'Database.lib(sqlite3.obj)' 또는 'D:\_NewProject\DBreset\x64\Debug\Database.pdb'에서 찾을 수 없습니다. 디버그 정보가 없는 것처럼 개체를 링크합니다.
Database.lib(stdafx.obj) : warning LNK4099: 'Database.pdb' PDB를 'Database.lib(stdafx.obj)' 또는 'D:\_NewProject\DBreset\x64\Debug\Database.pdb'에서 찾을 수 없습니다. 디버그 정보가 없는 것처럼 개체를 링크합니다.
  DBreset.vcxproj -> D:\_NewProject\DBreset\x64\Debug\DBreset.exe
  D:\_NewProject\DBreset\x64\Debug\DBreset.exe 64 bit, debug executable
  Adding Qt5Svg for qsvgicond.dll
  Skipping plugin qtvirtualkeyboardplugind.dll due to disabled dependencies (Qt5Qml Qt5Quick).
  Skipping plugin qtvirtualkeyboard_hanguld.dll due to disabled dependencies (Qt5Qml Qt5Quick).
  Skipping plugin qtvirtualkeyboard_openwnnd.dll due to disabled dependencies (Qt5Qml Qt5Quick).
  Skipping plugin qtvirtualkeyboard_pinyind.dll due to disabled dependencies (Qt5Qml Qt5Quick).
  Skipping plugin qtvirtualkeyboard_tcimed.dll due to disabled dependencies (Qt5Qml Qt5Quick).
  Skipping plugin qtvirtualkeyboard_thaid.dll due to disabled dependencies (Qt5Qml Qt5Quick).
  Direct dependencies: Qt5Core Qt5Sql Qt5Widgets
  All dependencies   : Qt5Core Qt5Gui Qt5Sql Qt5Widgets
  To be deployed     : Qt5Core Qt5Gui Qt5Sql Qt5Svg Qt5Widgets
EXEC : warning : Cannot find Visual Studio installation directory, VCINSTALLDIR is not set.
  Updating Qt5Cored.dll.
  Updating Qt5Guid.dll.
  Updating Qt5Sqld.dll.
  Updating Qt5Svgd.dll.
  Updating Qt5Widgetsd.dll.
  Updating libGLESV2d.dll.
  Updating libEGLd.dll.
  Updating D3Dcompiler_47.dll.
  Updating opengl32sw.dll.
  Patching Qt5Cored.dll...
  Updating qsvgicond.dll.
  Updating qgifd.dll.
  Updating qicnsd.dll.
  Updating qicod.dll.
  Updating qjpegd.dll.
  Updating qsvgd.dll.
  Updating qtgad.dll.
  Updating qtiffd.dll.
  Updating qwbmpd.dll.
  Updating qwebpd.dll.
  Updating qwindowsd.dll.
  Updating qsqlited.dll.
  Updating qsqlmysqld.dll.
  Updating qsqlodbcd.dll.
  Updating qsqlpsqld.dll.
  Updating qwindowsvistastyled.dll.
  Creating qt_ar.qm...
  Creating qt_bg.qm...
  Creating qt_ca.qm...
  Creating qt_cs.qm...
  Creating qt_da.qm...
  Creating qt_de.qm...
  Creating qt_en.qm...
  Creating qt_es.qm...
  Creating qt_fi.qm...
  Creating qt_fr.qm...
  Creating qt_gd.qm...
  Creating qt_he.qm...
  Creating qt_hu.qm...
  Creating qt_it.qm...
  Creating qt_ja.qm...
  Creating qt_ko.qm...
  Creating qt_lv.qm...
  Creating qt_pl.qm...
  Creating qt_ru.qm...
  Creating qt_sk.qm...
  Creating qt_uk.qm...
  Creating qt_zh_TW.qm...
