d:\_newproject\dbreset\dbreset\x64\debug\moc_webdbreset.obj
d:\_newproject\dbreset\dbreset\x64\debug\moc_sqlitedbreset.obj
d:\_newproject\dbreset\dbreset\x64\debug\moc_dbreset.obj
d:\_newproject\dbreset\dbreset\x64\debug\dbreset.obj
d:\_newproject\dbreset\dbreset\x64\debug\sqlitedbreset.obj
d:\_newproject\dbreset\dbreset\x64\debug\main.obj
d:\_newproject\dbreset\dbreset\x64\debug\webdbreset.obj
d:\_newproject\dbreset\dbreset\x64\debug\qrc_dbreset.obj
d:\_newproject\dbreset\dbreset\x64\debug\vc141.pdb
d:\_newproject\dbreset\dbreset\x64\debug\uic\ui_dbreset.h
d:\_newproject\dbreset\dbreset\x64\debug\rcc\qrc_dbreset.cpp
d:\_newproject\dbreset\dbreset\x64\debug\moc\moc_dbreset.cpp
d:\_newproject\dbreset\dbreset\x64\debug\moc\moc_sqlitedbreset.cpp
d:\_newproject\dbreset\dbreset\x64\debug\moc\moc_webdbreset.cpp
d:\_newproject\dbreset\x64\debug\dbreset.pdb
d:\_newproject\dbreset\dbreset\x64\debug\dbreset.tlog\cl.command.1.tlog
d:\_newproject\dbreset\dbreset\x64\debug\dbreset.tlog\cl.read.1.tlog
d:\_newproject\dbreset\dbreset\x64\debug\dbreset.tlog\cl.write.1.tlog
d:\_newproject\dbreset\dbreset\x64\debug\dbreset.tlog\dbreset.write.1u.tlog
d:\_newproject\dbreset\dbreset\x64\debug\dbreset.tlog\link-cvtres.read.1.tlog
d:\_newproject\dbreset\dbreset\x64\debug\dbreset.tlog\link-cvtres.write.1.tlog
d:\_newproject\dbreset\dbreset\x64\debug\dbreset.tlog\link-rc.read.1.tlog
d:\_newproject\dbreset\dbreset\x64\debug\dbreset.tlog\link-rc.write.1.tlog
d:\_newproject\dbreset\dbreset\x64\debug\dbreset.tlog\link.command.1.tlog
d:\_newproject\dbreset\dbreset\x64\debug\dbreset.tlog\link.delete.1.tlog
d:\_newproject\dbreset\dbreset\x64\debug\dbreset.tlog\link.read.1.tlog
d:\_newproject\dbreset\dbreset\x64\debug\dbreset.tlog\link.write.1.tlog
d:\_newproject\dbreset\dbreset\x64\debug\dbreset.tlog\moc.read.1u.tlog
d:\_newproject\dbreset\dbreset\x64\debug\dbreset.tlog\moc.write.1u.tlog
d:\_newproject\dbreset\dbreset\x64\debug\dbreset.tlog\rcc.read.1u.tlog
d:\_newproject\dbreset\dbreset\x64\debug\dbreset.tlog\rcc.write.1u.tlog
d:\_newproject\dbreset\dbreset\x64\debug\dbreset.tlog\uic.read.1u.tlog
d:\_newproject\dbreset\dbreset\x64\debug\dbreset.tlog\uic.write.1u.tlog
