          1개 파일이 복사되었습니다.
  DBreset.cpp
  SqliteDBreset.cpp
  WebDBreset.cpp
d:\_newproject\dbreset\dbreset\sqlitedbreset.cpp(135): warning C4715: 'TheiaSqliteDB::DbClose': 모든 제어 경로에서 값을 반환하지는 않습니다.
  moc_SqliteDBreset.cpp
  moc_WebDBreset.cpp
Database.lib(sqlite3.obj) : warning LNK4075: '/EDITANDCONTINUE'이(가) '/OPT:ICF' 사양으로 인해 무시됩니다.
  DBreset.vcxproj -> D:\_NewProject\DBreset\x64\Release\DBreset.exe
  D:\_NewProject\DBreset\x64\Release\DBreset.exe 64 bit, release executable
  Adding Qt5Svg for qsvgicon.dll
  Skipping plugin qtvirtualkeyboardplugin.dll due to disabled dependencies (Qt5Qml Qt5Quick).
  Skipping plugin qtvirtualkeyboard_hangul.dll due to disabled dependencies (Qt5Qml Qt5Quick).
  Skipping plugin qtvirtualkeyboard_openwnn.dll due to disabled dependencies (Qt5Qml Qt5Quick).
  Skipping plugin qtvirtualkeyboard_pinyin.dll due to disabled dependencies (Qt5Qml Qt5Quick).
  Skipping plugin qtvirtualkeyboard_tcime.dll due to disabled dependencies (Qt5Qml Qt5Quick).
  Skipping plugin qtvirtualkeyboard_thai.dll due to disabled dependencies (Qt5Qml Qt5Quick).
  Direct dependencies: Qt5Core Qt5Sql Qt5Widgets
  All dependencies   : Qt5Core Qt5Gui Qt5Sql Qt5Widgets
  To be deployed     : Qt5Core Qt5Gui Qt5Sql Qt5Svg Qt5Widgets
EXEC : warning : Cannot find Visual Studio installation directory, VCINSTALLDIR is not set.
  Updating Qt5Core.dll.
  Updating Qt5Gui.dll.
  Updating Qt5Sql.dll.
  Updating Qt5Svg.dll.
  Updating Qt5Widgets.dll.
  Updating libGLESV2.dll.
  Updating libEGL.dll.
  Updating D3Dcompiler_47.dll.
  Updating opengl32sw.dll.
  Patching Qt5Core.dll...
  Updating qsvgicon.dll.
  Updating qgif.dll.
  Updating qicns.dll.
  Updating qico.dll.
  Updating qjpeg.dll.
  Updating qsvg.dll.
  Updating qtga.dll.
  Updating qtiff.dll.
  Updating qwbmp.dll.
  Updating qwebp.dll.
  Updating qwindows.dll.
  Updating qsqlite.dll.
  Updating qsqlmysql.dll.
  Updating qsqlodbc.dll.
  Updating qsqlpsql.dll.
  Updating qwindowsvistastyle.dll.
  Creating qt_ar.qm...
  Creating qt_bg.qm...
  Creating qt_ca.qm...
  Creating qt_cs.qm...
  Creating qt_da.qm...
  Creating qt_de.qm...
  Creating qt_en.qm...
  Creating qt_es.qm...
  Creating qt_fi.qm...
  Creating qt_fr.qm...
  Creating qt_gd.qm...
  Creating qt_he.qm...
  Creating qt_hu.qm...
  Creating qt_it.qm...
  Creating qt_ja.qm...
  Creating qt_ko.qm...
  Creating qt_lv.qm...
  Creating qt_pl.qm...
  Creating qt_ru.qm...
  Creating qt_sk.qm...
  Creating qt_uk.qm...
  Creating qt_zh_TW.qm...
